app/build/intermediates/manifest_merge_blame_file/debug/manifest-merger-blame-debug-report.txt
1<?xml version="1.0" encoding="utf-8"?>
2<manifest xmlns:android="http://schemas.android.com/apk/res/android"
3    package="com.example.podcastplayer"
4    android:versionCode="1"
5    android:versionName="1.0" >
6
7    <uses-sdk
8        android:minSdkVersion="21"
8-->src\main\AndroidManifest.xml
9        android:targetSdkVersion="33" />
9-->src\main\AndroidManifest.xml
10
11    <application
11-->src\main\AndroidManifest.xml:5:5-35:19
12        android:allowBackup="true"
12-->src\main\AndroidManifest.xml:6:9-35
13        android:appComponentFactory="androidx.core.app.CoreComponentFactory"
13-->[androidx.core:core:1.7.0] AndroidManifest.xml:24:18-86
14        android:dataExtractionRules="@xml/data_extraction_rules"
14-->src\main\AndroidManifest.xml:7:9-65
15        android:debuggable="true"
16        android:fullBackupContent="@xml/backup_rules"
16-->src\main\AndroidManifest.xml:8:9-54
17        android:icon="@drawable/podcast_icon"
17-->src\main\AndroidManifest.xml:9:9-46
18        android:label="@string/app_name"
18-->src\main\AndroidManifest.xml:10:9-41
19        android:supportsRtl="true"
19-->src\main\AndroidManifest.xml:11:9-35
20        android:testOnly="true"
21        android:theme="@style/Theme.PodcastPlayer" >
21-->src\main\AndroidManifest.xml:12:9-51
22        <activity
22-->src\main\AndroidManifest.xml:14:9-18:58
23            android:name="com.example.podcastplayer.RegistrationActivity"
23-->src\main\AndroidManifest.xml:15:13-49
24            android:exported="false"
24-->src\main\AndroidManifest.xml:16:13-37
25            android:label="@string/title_activity_registration"
25-->src\main\AndroidManifest.xml:17:13-64
26            android:theme="@style/Theme.PodcastPlayer" />
26-->src\main\AndroidManifest.xml:18:13-55
27        <activity
27-->src\main\AndroidManifest.xml:19:9-23:58
28            android:name="com.example.podcastplayer.MainActivity"
28-->src\main\AndroidManifest.xml:20:13-41
29            android:exported="false"
29-->src\main\AndroidManifest.xml:21:13-37
30            android:label="@string/title_activity_login"
30-->src\main\AndroidManifest.xml:22:13-57
31            android:theme="@style/Theme.PodcastPlayer" />
31-->src\main\AndroidManifest.xml:23:13-55
32        <activity
32-->src\main\AndroidManifest.xml:24:9-34:20
33            android:name="com.example.podcastplayer.LoginActivity"
33-->src\main\AndroidManifest.xml:25:13-42
34            android:exported="true"
34-->src\main\AndroidManifest.xml:26:13-36
35            android:label="@string/app_name"
35-->src\main\AndroidManifest.xml:27:13-45
36            android:theme="@style/Theme.PodcastPlayer" >
36-->src\main\AndroidManifest.xml:28:13-55
37            <intent-filter>
37-->src\main\AndroidManifest.xml:29:13-33:29
38                <action android:name="android.intent.action.MAIN" />
38-->src\main\AndroidManifest.xml:30:17-69
38-->src\main\AndroidManifest.xml:30:25-66
39
40                <category android:name="android.intent.category.LAUNCHER" />
40-->src\main\AndroidManifest.xml:32:17-77
40-->src\main\AndroidManifest.xml:32:27-74
41            </intent-filter>
42        </activity>
43
44        <service
44-->[androidx.room:room-runtime:2.5.0] AndroidManifest.xml:24:9-28:63
45            android:name="androidx.room.MultiInstanceInvalidationService"
45-->[androidx.room:room-runtime:2.5.0] AndroidManifest.xml:25:13-74
46            android:directBootAware="true"
46-->[androidx.room:room-runtime:2.5.0] AndroidManifest.xml:26:13-43
47            android:exported="false" />
47-->[androidx.room:room-runtime:2.5.0] AndroidManifest.xml:27:13-37
48
49        <activity
49-->[androidx.compose.ui:ui-tooling:1.2.0] AndroidManifest.xml:24:9-26:39
50            android:name="androidx.compose.ui.tooling.PreviewActivity"
50-->[androidx.compose.ui:ui-tooling:1.2.0] AndroidManifest.xml:25:13-71
51            android:exported="true" />
51-->[androidx.compose.ui:ui-tooling:1.2.0] AndroidManifest.xml:26:13-36
52        <activity
52-->[androidx.compose.ui:ui-test-manifest:1.2.0] AndroidManifest.xml:24:9-26:39
53            android:name="androidx.activity.ComponentActivity"
53-->[androidx.compose.ui:ui-test-manifest:1.2.0] AndroidManifest.xml:25:13-63
54            android:exported="true" />
54-->[androidx.compose.ui:ui-test-manifest:1.2.0] AndroidManifest.xml:26:13-36
55
56        <provider
56-->[androidx.profileinstaller:profileinstaller:1.2.0] AndroidManifest.xml:25:9-33:20
57            android:name="androidx.startup.InitializationProvider"
57-->[androidx.profileinstaller:profileinstaller:1.2.0] AndroidManifest.xml:26:13-67
58            android:authorities="com.example.podcastplayer.androidx-startup"
58-->[androidx.profileinstaller:profileinstaller:1.2.0] AndroidManifest.xml:27:13-68
59            android:exported="false" >
59-->[androidx.profileinstaller:profileinstaller:1.2.0] AndroidManifest.xml:28:13-37
60            <meta-data
60-->[androidx.profileinstaller:profileinstaller:1.2.0] AndroidManifest.xml:30:13-32:52
61                android:name="androidx.profileinstaller.ProfileInstallerInitializer"
61-->[androidx.profileinstaller:profileinstaller:1.2.0] AndroidManifest.xml:31:17-85
62                android:value="androidx.startup" />
62-->[androidx.profileinstaller:profileinstaller:1.2.0] AndroidManifest.xml:32:17-49
63        </provider>
64
65        <receiver
65-->[androidx.profileinstaller:profileinstaller:1.2.0] AndroidManifest.xml:35:9-47:20
66            android:name="androidx.profileinstaller.ProfileInstallReceiver"
66-->[androidx.profileinstaller:profileinstaller:1.2.0] AndroidManifest.xml:36:13-76
67            android:directBootAware="false"
67-->[androidx.profileinstaller:profileinstaller:1.2.0] AndroidManifest.xml:37:13-44
68            android:enabled="true"
68-->[androidx.profileinstaller:profileinstaller:1.2.0] AndroidManifest.xml:38:13-35
69            android:exported="true"
69-->[androidx.profileinstaller:profileinstaller:1.2.0] AndroidManifest.xml:39:13-36
70            android:permission="android.permission.DUMP" >
70-->[androidx.profileinstaller:profileinstaller:1.2.0] AndroidManifest.xml:40:13-57
71            <intent-filter>
71-->[androidx.profileinstaller:profileinstaller:1.2.0] AndroidManifest.xml:41:13-43:29
72                <action android:name="androidx.profileinstaller.action.INSTALL_PROFILE" />
72-->[androidx.profileinstaller:profileinstaller:1.2.0] AndroidManifest.xml:42:17-91
72-->[androidx.profileinstaller:profileinstaller:1.2.0] AndroidManifest.xml:42:25-88
73            </intent-filter>
74            <intent-filter>
74-->[androidx.profileinstaller:profileinstaller:1.2.0] AndroidManifest.xml:44:13-46:29
75                <action android:name="androidx.profileinstaller.action.SKIP_FILE" />
75-->[androidx.profileinstaller:profileinstaller:1.2.0] AndroidManifest.xml:45:17-85
75-->[androidx.profileinstaller:profileinstaller:1.2.0] AndroidManifest.xml:45:25-82
76            </intent-filter>
77        </receiver>
78    </application>
79
80</manifest>